1713031968  0.0  0.3
1713031969 78.0  6.1
1713031970 91.5 11.4
1713031971  107 14.8
1713031972  121 17.2
1713031973  113 17.5
1713031974  110 17.4
1713031975  117 20.6
1713031976  114 21.8
1713031977 94.7 21.0
1713031978 94.5 19.0
1713031979 92.0 19.0
1713031980 94.6 19.1
1713031982 94.2 18.9
1713031983 90.9 18.9
1713031984 90.1 19.1
1713031985 87.1 19.1
1713031986 88.3 18.8
1713031987 83.8 18.6
1713031988 79.8 18.6
1713031989 78.8 18.6
1713031990 83.3 20.8
1713031991 83.7 20.7
1713031992 81.7 20.8
1713031993 76.3 20.8
1713031994 73.9 20.8
1713031995 71.9 20.5
1713031996 70.6 20.6
1713031998 68.4 20.6
1713031999 66.6 20.6
1713032000 65.0 20.5
1713032001 63.2 20.5
1713032002 61.5 20.5
1713032003 59.9 20.5
1713032004 58.3 20.5
1713032005 57.3 20.5
1713032006 56.7 20.5
1713032007 58.6 18.8
1713032008 57.9 18.8
1713032009 57.3 18.8
1713032010 54.6 18.9
1713032011 53.4 18.9
1713032012 52.3 18.8
1713032013 51.1 18.8
1713032015 50.3 18.7
1713032016 49.2 18.7
1713032017 48.2 18.7
1713032018 47.3 18.7
1713032019 46.6 18.7
1713032020 45.7 18.7
1713032021 44.8 18.7
1713032022 44.0 18.7
1713032023 43.3 18.6
1713032024 42.5 18.6
1713032025 41.8 18.6
1713032026 40.4 18.6
1713032027 39.8 18.7
1713032028 39.4 18.8
1713032029 38.8 18.8
1713032031 38.2 18.8
1713032032 37.6 18.7
1713032033 37.0 18.7
1713032034 36.5 18.7
1713032035 35.9 18.7
1713032036 35.4 18.7
1713032037 34.9 18.7
1713032038 34.4 18.7
1713032039 33.9 18.7
1713032040 33.5 18.7
1713032041 33.3 18.8
1713032042 33.8 15.6
